<?xml version="1.0" encoding="UTF-8"?>
<!-- Generated by org.testng.reporters.JUnitReportReporter -->
<testsuite skipped="0" hostname="ip-172-31-23-43" name="testng.LoginTest" tests="1" failures="0" timestamp="29 Nov 2021 09:18:15 GMT" time="3.568" errors="0">
  <testcase name="test1" time="3.568" classname="testng.LoginTest"/>
</testsuite> <!-- testng.LoginTest -->
