<?xml version="1.0" encoding="UTF-8"?>
<!-- Generated by org.testng.reporters.JUnitReportReporter -->
<testsuite skipped="0" hostname="ip-172-31-23-43" name="testng.LoginTest" tests="1" failures="0" timestamp="02 Dec 2021 19:51:50 GMT" time="4.847" errors="0">
  <testcase name="test1" time="4.847" classname="testng.LoginTest"/>
</testsuite> <!-- testng.LoginTest -->
