<?xml version="1.0" encoding="UTF-8"?>
<!-- Generated by org.testng.reporters.JUnitReportReporter -->
<testsuite skipped="0" hostname="ip-172-31-23-43" name="testng.LoginTest" tests="1" failures="0" timestamp="30 Nov 2021 02:19:41 GMT" time="5.014" errors="0">
  <testcase name="test1" time="5.014" classname="testng.LoginTest"/>
</testsuite> <!-- testng.LoginTest -->
